0 info it worked if it ends with ok
1 verbose cli [ '/Users/ws/.nodebrew/node/v7.2.1/bin/node',
1 verbose cli   '/Users/ws/.nodebrew/current/bin/npm',
1 verbose cli   'run',
1 verbose cli   'start' ]
2 info using npm@3.10.10
3 info using node@v7.2.1
4 verbose run-script [ 'prestart', 'start', 'poststart' ]
5 info lifecycle webpack-dev@1.0.0~prestart: webpack-dev@1.0.0
6 silly lifecycle webpack-dev@1.0.0~prestart: no script for prestart, continuing
7 info lifecycle webpack-dev@1.0.0~start: webpack-dev@1.0.0
8 verbose lifecycle webpack-dev@1.0.0~start: unsafe-perm in lifecycle true
9 verbose lifecycle webpack-dev@1.0.0~start: PATH: /Users/ws/.nodebrew/node/v7.2.1/lib/node_modules/npm/bin/node-gyp-bin:/Users/ws/dropbox/programming/js/webpack/node_modules/.bin:/Users/ws/.nodebrew/node/v7.2.1/bin:/opt/local/bin:/opt/local/sbin:/Users/ws/.nodebrew/current/bin:/usr/local/bin:/usr/bin:/bin:/usr/sbin:/sbin:/opt/X11/bin:/Applications/Wireshark.app/Contents/MacOS:/Users/ws/.rvm/bin
10 verbose lifecycle webpack-dev@1.0.0~start: CWD: /Users/ws/dropbox/programming/js/webpack
11 silly lifecycle webpack-dev@1.0.0~start: Args: [ '-c', 'npm run start-serve & gulp & npm run webpack-watch' ]
12 silly lifecycle webpack-dev@1.0.0~start: Returned: code: 143  signal: null
13 info lifecycle webpack-dev@1.0.0~start: Failed to exec start script
14 verbose stack Error: webpack-dev@1.0.0 start: `npm run start-serve & gulp & npm run webpack-watch`
14 verbose stack Exit status 143
14 verbose stack     at EventEmitter.<anonymous> (/Users/ws/.nodebrew/node/v7.2.1/lib/node_modules/npm/lib/utils/lifecycle.js:255:16)
14 verbose stack     at emitTwo (events.js:106:13)
14 verbose stack     at EventEmitter.emit (events.js:191:7)
14 verbose stack     at ChildProcess.<anonymous> (/Users/ws/.nodebrew/node/v7.2.1/lib/node_modules/npm/lib/utils/spawn.js:40:14)
14 verbose stack     at emitTwo (events.js:106:13)
14 verbose stack     at ChildProcess.emit (events.js:191:7)
14 verbose stack     at maybeClose (internal/child_process.js:885:16)
14 verbose stack     at Process.ChildProcess._handle.onexit (internal/child_process.js:226:5)
15 verbose pkgid webpack-dev@1.0.0
16 verbose cwd /Users/ws/dropbox/programming/js/webpack
17 error Darwin 16.5.0
18 error argv "/Users/ws/.nodebrew/node/v7.2.1/bin/node" "/Users/ws/.nodebrew/current/bin/npm" "run" "start"
19 error node v7.2.1
20 error npm  v3.10.10
21 error code ELIFECYCLE
22 error webpack-dev@1.0.0 start: `npm run start-serve & gulp & npm run webpack-watch`
22 error Exit status 143
23 error Failed at the webpack-dev@1.0.0 start script 'npm run start-serve & gulp & npm run webpack-watch'.
23 error Make sure you have the latest version of node.js and npm installed.
23 error If you do, this is most likely a problem with the webpack-dev package,
23 error not with npm itself.
23 error Tell the author that this fails on your system:
23 error     npm run start-serve & gulp & npm run webpack-watch
23 error You can get information on how to open an issue for this project with:
23 error     npm bugs webpack-dev
23 error Or if that isn't available, you can get their info via:
23 error     npm owner ls webpack-dev
23 error There is likely additional logging output above.
24 verbose exit [ 1, true ]
